<?xml version="1.0" encoding="UTF-8"?>
<!-- Generated by org.testng.reporters.JUnitReportReporter -->
<testsuite hostname="DESKTOP-E2MSR6M" failures="0" tests="1" name="groupExecution.Test3" time="0.003" errors="0" timestamp="2024-08-08T12:18:12 IST" skipped="0">
  <testcase classname="groupExecution.Test3" name="demo1" time="0.003"/>
  <system-out/>
</testsuite> <!-- groupExecution.Test3 -->
