<?xml version="1.0" encoding="UTF-8"?>
<!-- Generated by org.testng.reporters.JUnitReportReporter -->
<testsuite hostname="DESKTOP-E2MSR6M" failures="0" tests="3" name="practice.InvocationCount" time="0.010" errors="0" timestamp="2024-08-02T12:24:59 IST" skipped="0">
  <testcase classname="practice.InvocationCount" name="test2" time="0.003"/>
  <system-out>
    <![CDATA[test2]]>
  </system-out>
  <testcase classname="practice.InvocationCount" name="test2" time="0.006"/>
  <system-out>
    <![CDATA[test2]]>
  </system-out>
  <testcase classname="practice.InvocationCount" name="test2" time="0.001"/>
  <system-out>
    <![CDATA[test2]]>
  </system-out>
</testsuite> <!-- practice.InvocationCount -->
