<?xml version="1.0" encoding="UTF-8"?>
<!-- Generated by org.testng.reporters.JUnitReportReporter -->
<testsuite hostname="DESKTOP-E2MSR6M" failures="0" tests="1" name="practice.WhyNotIfElse" time="0.011" errors="0" timestamp="2024-08-05T11:50:04 IST" skipped="0">
  <testcase classname="practice.WhyNotIfElse" name="demo" time="0.011"/>
  <system-out/>
</testsuite> <!-- practice.WhyNotIfElse -->
