<?xml version="1.0" encoding="UTF-8"?>
<!-- Generated by org.testng.reporters.JUnitReportReporter -->
<testsuite hostname="DESKTOP-E2MSR6M" failures="0" tests="2" name="batchExecution.Test2" time="0.010" errors="0" timestamp="2024-08-08T11:48:03 IST" skipped="0">
  <testcase classname="batchExecution.Test2" name="demo1" time="0.005"/>
  <system-out/>
  <testcase classname="batchExecution.Test2" name="demo2" time="0.005"/>
  <system-out/>
</testsuite> <!-- batchExecution.Test2 -->
