<?xml version="1.0" encoding="UTF-8"?>
<!-- Generated by org.testng.reporters.JUnitReportReporter -->
<testsuite hostname="DESKTOP-E2MSR6M" failures="0" tests="4" name="practice.Enabled" time="0.012" errors="0" timestamp="2024-08-02T12:32:09 IST" skipped="1">
  <testcase classname="practice.Enabled" name="test2" time="0.010"/>
  <system-out>
    <![CDATA[test2]]>
  </system-out>
  <testcase classname="practice.Enabled" name="test2" time="0.001"/>
  <system-out>
    <![CDATA[test2]]>
  </system-out>
  <testcase classname="practice.Enabled" name="test2" time="0.001"/>
  <system-out>
    <![CDATA[test2]]>
  </system-out>
  <testcase classname="practice.Enabled" name="test1">
    <skipped/>
  </testcase> <!-- test1 -->
  <system-out/>
</testsuite> <!-- practice.Enabled -->
