<?xml version="1.0" encoding="UTF-8"?>
<!-- Generated by org.testng.reporters.JUnitReportReporter -->
<testsuite hostname="DESKTOP-E2MSR6M" failures="0" tests="4" name="practice.PrioritizingTests" time="0.023" errors="0" timestamp="2024-08-02T12:15:23 IST" skipped="0">
  <testcase classname="practice.PrioritizingTests" name="test4" time="0.017"/>
  <system-out>
    <![CDATA[test4]]>
  </system-out>
  <testcase classname="practice.PrioritizingTests" name="test1" time="0.002"/>
  <system-out>
    <![CDATA[test1]]>
  </system-out>
  <testcase classname="practice.PrioritizingTests" name="test3" time="0.001"/>
  <system-out>
    <![CDATA[test3]]>
  </system-out>
  <testcase classname="practice.PrioritizingTests" name="test2" time="0.003"/>
  <system-out>
    <![CDATA[test2]]>
  </system-out>
</testsuite> <!-- practice.PrioritizingTests -->
